<?xml version="1.0" encoding="UTF-8"?>
<testng-results ignored="0" total="1" passed="1" failed="0" skipped="0">
  <reporter-output>
  </reporter-output>
  <suite started-at="2023-02-13T11:26:37 IST" name="Default suite" finished-at="2023-02-13T11:26:41 IST" duration-ms="3789">
    <groups>
    </groups>
    <test started-at="2023-02-13T11:26:37 IST" name="Default test" finished-at="2023-02-13T11:26:41 IST" duration-ms="3789">
      <class name="testframe.LoginTest">
        <test-method is-config="true" signature="setUp()[pri:0, instance:testframe.LoginTest@534a5a98]" started-at="2023-02-13T11:26:37 IST" name="setUp" finished-at="2023-02-13T11:26:40 IST" duration-ms="3306" status="PASS">
          <reporter-output>
          </reporter-output>
        </test-method> <!-- setUp -->
        <test-method signature="login()[pri:0, instance:testframe.LoginTest@534a5a98]" started-at="2023-02-13T11:26:40 IST" name="login" finished-at="2023-02-13T11:26:40 IST" duration-ms="21" status="PASS">
          <reporter-output>
          </reporter-output>
        </test-method> <!-- login -->
        <test-method is-config="true" signature="tearDown()[pri:0, instance:testframe.LoginTest@534a5a98]" started-at="2023-02-13T11:26:40 IST" name="tearDown" finished-at="2023-02-13T11:26:41 IST" duration-ms="407" status="PASS">
          <reporter-output>
          </reporter-output>
        </test-method> <!-- tearDown -->
      </class> <!-- testframe.LoginTest -->
    </test> <!-- Default test -->
  </suite> <!-- Default suite -->
</testng-results>
